Using pre-set license
Built from '2020.3/staging' branch; Version is '2020.3.0f1 (c7b5465681fb) revision 13088070'; Using compiler version '192528614'; Build Type 'Release'
OS: 'Windows 10 Pro; OS build 19042.1466; Version 2009; 64bit' Language: 'ru' Physical Memory: 8143 MB
BatchMode: 1, IsHumanControllingUs: 0, StartBugReporterOnCrash: 0, Is64bit: 1, IsPro: 0

 COMMAND LINE ARGUMENTS:
D:\Unity\2020.3.0f1\Editor\Unity.exe
-adb2
-batchMode
-noUpm
-name
AssetImportWorker0
-projectPath
D:/Unity/Projects/Own/Super Smash Doomguys
-logFile
Logs/AssetImportWorker0.log
-srvPort
52341
Successfully changed project path to: D:/Unity/Projects/Own/Super Smash Doomguys
D:/Unity/Projects/Own/Super Smash Doomguys
Using Asset Import Pipeline V2.
Refreshing native plugins compatible for Editor in 74.70 ms, found 3 plugins.
Preloading 0 native plugins for Editor in 0.00 ms.
Initialize engine version: 2020.3.0f1 (c7b5465681fb)
[Subsystems] Discovering subsystems at path D:/Unity/2020.3.0f1/Editor/Data/Resources/UnitySubsystems
[Subsystems] Discovering subsystems at path D:/Unity/Projects/Own/Super Smash Doomguys/Assets
GfxDevice: creating device client; threaded=0
Direct3D:
    Version:  Direct3D 11.0 [level 11.0]
    Renderer: NVIDIA GeForce GT 640 (ID=0xfc1)
    Vendor:   
    VRAM:     984 MB
    Driver:   27.21.14.6140
Initialize mono
Mono path[0] = 'D:/Unity/2020.3.0f1/Editor/Data/Managed'
Mono path[1] = 'D:/Unity/2020.3.0f1/Editor/Data/MonoBleedingEdge/lib/mono/unityjit'
Mono config path = 'D:/Unity/2020.3.0f1/Editor/Data/MonoBleedingEdge/etc'
Using monoOptions --debugger-agent=transport=dt_socket,embedding=1,server=y,suspend=n,address=127.0.0.1:56440
Begin MonoManager ReloadAssembly
Registering precompiled unity dll's ...
Register platform support module: D:/Unity/2020.3.0f1/Editor/Data/PlaybackEngines/WindowsStandaloneSupport/UnityEditor.WindowsStandalone.Extensions.dll
Registered in 0.004410 seconds.
Native extension for WindowsStandalone target not found
Refreshing native plugins compatible for Editor in 72.30 ms, found 3 plugins.
Preloading 0 native plugins for Editor in 0.00 ms.
Invoked RoslynAnalysisRunner static constructor.
RoslynAnalysisRunner will not be running.
RoslynAnalysisRunner has terminated.
Mono: successfully reloaded assembly
- Completed reload, in  1.909 seconds
Platform modules already initialized, skipping
Registering precompiled user dll's ...
Registered in 0.005753 seconds.
Begin MonoManager ReloadAssembly
Native extension for WindowsStandalone target not found
Refreshing native plugins compatible for Editor in 99.56 ms, found 3 plugins.
Preloading 0 native plugins for Editor in 0.00 ms.
Invoked RoslynAnalysisRunner static constructor.
RoslynAnalysisRunner will not be running.
RoslynAnalysisRunner has terminated.
Mono: successfully reloaded assembly
- Completed reload, in  3.017 seconds
Platform modules already initialized, skipping
========================================================================
Worker process is ready to serve import requests
Launched and connected shader compiler UnityShaderCompiler.exe after 0.12 seconds
Refreshing native plugins compatible for Editor in 0.91 ms, found 3 plugins.
Preloading 0 native plugins for Editor in 0.00 ms.
Unloading 2091 Unused Serialized files (Serialized files now loaded: 0)
System memory in use before: 93.1 MB.
System memory in use after: 93.2 MB.

Unloading 28 unused Assets to reduce memory usage. Loaded Objects now: 2533.
Total: 4.758600 ms (FindLiveObjects: 0.404900 ms CreateObjectMapping: 0.125300 ms MarkObjects: 4.101700 ms  DeleteObjects: 0.124100 ms)

========================================================================
Received Import Request.
  path: Assets/Scripts/Weapon.cs
  artifactKey: Guid(1bb74ba7cf19eb14781b79b64de98691) Importer(815301076,1909f56bfc062723c751e8b465ee728b)
Start importing Assets/Scripts/Weapon.cs using Guid(1bb74ba7cf19eb14781b79b64de98691) Importer(815301076,1909f56bfc062723c751e8b465ee728b)  -> (artifact id: '95109d02b7cdd5713d1b2a5e2fbaeba3') in 0.113143 seconds
  Import took 0.119736 seconds .

========================================================================
Received Prepare
Registering precompiled user dll's ...
Registered in 0.008727 seconds.
Begin MonoManager ReloadAssembly
Native extension for WindowsStandalone target not found
Refreshing native plugins compatible for Editor in 1.08 ms, found 3 plugins.
Preloading 0 native plugins for Editor in 0.00 ms.
Invoked RoslynAnalysisRunner static constructor.
RoslynAnalysisRunner will not be running.
RoslynAnalysisRunner has terminated.
Mono: successfully reloaded assembly
- Completed reload, in  2.649 seconds
Platform modules already initialized, skipping
Refreshing native plugins compatible for Editor in 1.16 ms, found 3 plugins.
Preloading 0 native plugins for Editor in 0.00 ms.
Unloading 2081 Unused Serialized files (Serialized files now loaded: 0)
System memory in use before: 92.6 MB.
System memory in use after: 92.8 MB.

Unloading 16 unused Assets to reduce memory usage. Loaded Objects now: 2537.
Total: 4.764500 ms (FindLiveObjects: 0.459000 ms CreateObjectMapping: 0.157100 ms MarkObjects: 4.105200 ms  DeleteObjects: 0.039400 ms)

========================================================================
Received Prepare
Registering precompiled user dll's ...
Registered in 0.007240 seconds.
Begin MonoManager ReloadAssembly
Native extension for WindowsStandalone target not found
Refreshing native plugins compatible for Editor in 0.76 ms, found 3 plugins.
Preloading 0 native plugins for Editor in 0.00 ms.
Invoked RoslynAnalysisRunner static constructor.
RoslynAnalysisRunner will not be running.
RoslynAnalysisRunner has terminated.
Mono: successfully reloaded assembly
- Completed reload, in  1.563 seconds
Platform modules already initialized, skipping
Refreshing native plugins compatible for Editor in 0.71 ms, found 3 plugins.
Preloading 0 native plugins for Editor in 0.00 ms.
Unloading 2081 Unused Serialized files (Serialized files now loaded: 0)
System memory in use before: 92.7 MB.
System memory in use after: 92.8 MB.

Unloading 16 unused Assets to reduce memory usage. Loaded Objects now: 2541.
Total: 2.744400 ms (FindLiveObjects: 0.219900 ms CreateObjectMapping: 0.080700 ms MarkObjects: 2.414200 ms  DeleteObjects: 0.027300 ms)

========================================================================
Received Prepare
Registering precompiled user dll's ...
Registered in 0.006069 seconds.
Begin MonoManager ReloadAssembly
Native extension for WindowsStandalone target not found
Refreshing native plugins compatible for Editor in 1.19 ms, found 3 plugins.
Preloading 0 native plugins for Editor in 0.00 ms.
Invoked RoslynAnalysisRunner static constructor.
RoslynAnalysisRunner will not be running.
RoslynAnalysisRunner has terminated.
Mono: successfully reloaded assembly
- Completed reload, in  1.697 seconds
Platform modules already initialized, skipping
Refreshing native plugins compatible for Editor in 0.67 ms, found 3 plugins.
Preloading 0 native plugins for Editor in 0.00 ms.
Unloading 2081 Unused Serialized files (Serialized files now loaded: 0)
System memory in use before: 92.7 MB.
System memory in use after: 92.8 MB.

Unloading 16 unused Assets to reduce memory usage. Loaded Objects now: 2545.
Total: 3.503600 ms (FindLiveObjects: 0.238300 ms CreateObjectMapping: 0.087200 ms MarkObjects: 3.143800 ms  DeleteObjects: 0.031400 ms)

========================================================================
Received Prepare
Registering precompiled user dll's ...
Registered in 0.007890 seconds.
Begin MonoManager ReloadAssembly
Native extension for WindowsStandalone target not found
Refreshing native plugins compatible for Editor in 0.69 ms, found 3 plugins.
Preloading 0 native plugins for Editor in 0.00 ms.
Invoked RoslynAnalysisRunner static constructor.
RoslynAnalysisRunner will not be running.
RoslynAnalysisRunner has terminated.
Mono: successfully reloaded assembly
- Completed reload, in  1.593 seconds
Platform modules already initialized, skipping
Refreshing native plugins compatible for Editor in 0.67 ms, found 3 plugins.
Preloading 0 native plugins for Editor in 0.00 ms.
Unloading 2081 Unused Serialized files (Serialized files now loaded: 0)
System memory in use before: 92.7 MB.
System memory in use after: 92.8 MB.

Unloading 16 unused Assets to reduce memory usage. Loaded Objects now: 2549.
Total: 2.688300 ms (FindLiveObjects: 0.212200 ms CreateObjectMapping: 0.079900 ms MarkObjects: 2.367500 ms  DeleteObjects: 0.027200 ms)

========================================================================
Received Prepare
Registering precompiled user dll's ...
Registered in 0.005380 seconds.
Begin MonoManager ReloadAssembly
Native extension for WindowsStandalone target not found
Refreshing native plugins compatible for Editor in 0.67 ms, found 3 plugins.
Preloading 0 native plugins for Editor in 0.00 ms.
Invoked RoslynAnalysisRunner static constructor.
RoslynAnalysisRunner will not be running.
RoslynAnalysisRunner has terminated.
Mono: successfully reloaded assembly
- Completed reload, in  1.489 seconds
Platform modules already initialized, skipping
Refreshing native plugins compatible for Editor in 1.05 ms, found 3 plugins.
Preloading 0 native plugins for Editor in 0.00 ms.
Unloading 2081 Unused Serialized files (Serialized files now loaded: 0)
System memory in use before: 92.7 MB.
System memory in use after: 92.9 MB.

Unloading 16 unused Assets to reduce memory usage. Loaded Objects now: 2553.
Total: 2.874300 ms (FindLiveObjects: 0.333100 ms CreateObjectMapping: 0.087400 ms MarkObjects: 2.423800 ms  DeleteObjects: 0.028200 ms)

========================================================================
Received Prepare
Registering precompiled user dll's ...
Registered in 0.008103 seconds.
Begin MonoManager ReloadAssembly
Native extension for WindowsStandalone target not found
Refreshing native plugins compatible for Editor in 0.67 ms, found 3 plugins.
Preloading 0 native plugins for Editor in 0.00 ms.
Invoked RoslynAnalysisRunner static constructor.
RoslynAnalysisRunner will not be running.
RoslynAnalysisRunner has terminated.
Mono: successfully reloaded assembly
- Completed reload, in  1.492 seconds
Platform modules already initialized, skipping
Refreshing native plugins compatible for Editor in 0.67 ms, found 3 plugins.
Preloading 0 native plugins for Editor in 0.00 ms.
Unloading 2081 Unused Serialized files (Serialized files now loaded: 0)
System memory in use before: 92.8 MB.
System memory in use after: 92.9 MB.

Unloading 16 unused Assets to reduce memory usage. Loaded Objects now: 2557.
Total: 2.722100 ms (FindLiveObjects: 0.217100 ms CreateObjectMapping: 0.081600 ms MarkObjects: 2.393600 ms  DeleteObjects: 0.027800 ms)

========================================================================
Received Prepare
Registering precompiled user dll's ...
Registered in 0.005444 seconds.
Begin MonoManager ReloadAssembly
Native extension for WindowsStandalone target not found
Refreshing native plugins compatible for Editor in 0.76 ms, found 3 plugins.
Preloading 0 native plugins for Editor in 0.00 ms.
Invoked RoslynAnalysisRunner static constructor.
RoslynAnalysisRunner will not be running.
RoslynAnalysisRunner has terminated.
Mono: successfully reloaded assembly
- Completed reload, in  1.470 seconds
Platform modules already initialized, skipping
Refreshing native plugins compatible for Editor in 0.79 ms, found 3 plugins.
Preloading 0 native plugins for Editor in 0.00 ms.
Unloading 2081 Unused Serialized files (Serialized files now loaded: 0)
System memory in use before: 92.8 MB.
System memory in use after: 92.9 MB.

Unloading 16 unused Assets to reduce memory usage. Loaded Objects now: 2561.
Total: 3.149300 ms (FindLiveObjects: 0.226200 ms CreateObjectMapping: 0.083100 ms MarkObjects: 2.811200 ms  DeleteObjects: 0.026900 ms)

========================================================================
Received Prepare
Registering precompiled user dll's ...
Registered in 0.005687 seconds.
Begin MonoManager ReloadAssembly
Native extension for WindowsStandalone target not found
Refreshing native plugins compatible for Editor in 0.67 ms, found 3 plugins.
Preloading 0 native plugins for Editor in 0.00 ms.
Invoked RoslynAnalysisRunner static constructor.
RoslynAnalysisRunner will not be running.
RoslynAnalysisRunner has terminated.
Mono: successfully reloaded assembly
- Completed reload, in  1.437 seconds
Platform modules already initialized, skipping
Refreshing native plugins compatible for Editor in 0.67 ms, found 3 plugins.
Preloading 0 native plugins for Editor in 0.00 ms.
Unloading 2081 Unused Serialized files (Serialized files now loaded: 0)
System memory in use before: 92.8 MB.
System memory in use after: 92.9 MB.

Unloading 16 unused Assets to reduce memory usage. Loaded Objects now: 2565.
Total: 3.000300 ms (FindLiveObjects: 0.357100 ms CreateObjectMapping: 0.104200 ms MarkObjects: 2.505900 ms  DeleteObjects: 0.031500 ms)

========================================================================
Received Prepare
Registering precompiled user dll's ...
Registered in 0.005420 seconds.
Begin MonoManager ReloadAssembly
Native extension for WindowsStandalone target not found
Refreshing native plugins compatible for Editor in 0.71 ms, found 3 plugins.
Preloading 0 native plugins for Editor in 0.00 ms.
Invoked RoslynAnalysisRunner static constructor.
RoslynAnalysisRunner will not be running.
RoslynAnalysisRunner has terminated.
Mono: successfully reloaded assembly
- Completed reload, in  1.446 seconds
Platform modules already initialized, skipping
Refreshing native plugins compatible for Editor in 0.68 ms, found 3 plugins.
Preloading 0 native plugins for Editor in 0.00 ms.
Unloading 2081 Unused Serialized files (Serialized files now loaded: 0)
System memory in use before: 92.8 MB.
System memory in use after: 92.9 MB.

Unloading 16 unused Assets to reduce memory usage. Loaded Objects now: 2569.
Total: 2.953200 ms (FindLiveObjects: 0.362100 ms CreateObjectMapping: 0.141800 ms MarkObjects: 2.418300 ms  DeleteObjects: 0.029100 ms)

========================================================================
Received Prepare
Registering precompiled user dll's ...
Registered in 0.006941 seconds.
Begin MonoManager ReloadAssembly
Native extension for WindowsStandalone target not found
Refreshing native plugins compatible for Editor in 0.71 ms, found 3 plugins.
Preloading 0 native plugins for Editor in 0.00 ms.
Invoked RoslynAnalysisRunner static constructor.
RoslynAnalysisRunner will not be running.
RoslynAnalysisRunner has terminated.
Mono: successfully reloaded assembly
- Completed reload, in  1.498 seconds
Platform modules already initialized, skipping
Refreshing native plugins compatible for Editor in 0.71 ms, found 3 plugins.
Preloading 0 native plugins for Editor in 0.00 ms.
Unloading 2081 Unused Serialized files (Serialized files now loaded: 0)
System memory in use before: 92.8 MB.
System memory in use after: 92.9 MB.

Unloading 16 unused Assets to reduce memory usage. Loaded Objects now: 2573.
Total: 2.723200 ms (FindLiveObjects: 0.235600 ms CreateObjectMapping: 0.083300 ms MarkObjects: 2.375300 ms  DeleteObjects: 0.027100 ms)

========================================================================
Received Prepare
Registering precompiled user dll's ...
Registered in 0.005580 seconds.
Begin MonoManager ReloadAssembly
Native extension for WindowsStandalone target not found
Refreshing native plugins compatible for Editor in 0.68 ms, found 3 plugins.
Preloading 0 native plugins for Editor in 0.00 ms.
Invoked RoslynAnalysisRunner static constructor.
RoslynAnalysisRunner will not be running.
RoslynAnalysisRunner has terminated.
Mono: successfully reloaded assembly
- Completed reload, in  1.529 seconds
Platform modules already initialized, skipping
Refreshing native plugins compatible for Editor in 0.68 ms, found 3 plugins.
Preloading 0 native plugins for Editor in 0.00 ms.
Unloading 2081 Unused Serialized files (Serialized files now loaded: 0)
System memory in use before: 92.8 MB.
System memory in use after: 92.9 MB.

Unloading 16 unused Assets to reduce memory usage. Loaded Objects now: 2577.
Total: 2.704200 ms (FindLiveObjects: 0.231200 ms CreateObjectMapping: 0.081500 ms MarkObjects: 2.362600 ms  DeleteObjects: 0.026900 ms)

========================================================================
Received Prepare
Registering precompiled user dll's ...
Registered in 0.005702 seconds.
Begin MonoManager ReloadAssembly
Native extension for WindowsStandalone target not found
Refreshing native plugins compatible for Editor in 0.69 ms, found 3 plugins.
Preloading 0 native plugins for Editor in 0.00 ms.
Invoked RoslynAnalysisRunner static constructor.
RoslynAnalysisRunner will not be running.
RoslynAnalysisRunner has terminated.
Mono: successfully reloaded assembly
- Completed reload, in  1.805 seconds
Platform modules already initialized, skipping
Refreshing native plugins compatible for Editor in 0.68 ms, found 3 plugins.
Preloading 0 native plugins for Editor in 0.00 ms.
Unloading 2081 Unused Serialized files (Serialized files now loaded: 0)
System memory in use before: 92.8 MB.
System memory in use after: 92.9 MB.

Unloading 16 unused Assets to reduce memory usage. Loaded Objects now: 2581.
Total: 2.745500 ms (FindLiveObjects: 0.231200 ms CreateObjectMapping: 0.083200 ms MarkObjects: 2.401100 ms  DeleteObjects: 0.027900 ms)

========================================================================
Received Prepare
Registering precompiled user dll's ...
Registered in 0.007163 seconds.
Begin MonoManager ReloadAssembly
Native extension for WindowsStandalone target not found
Refreshing native plugins compatible for Editor in 0.67 ms, found 3 plugins.
Preloading 0 native plugins for Editor in 0.00 ms.
Invoked RoslynAnalysisRunner static constructor.
RoslynAnalysisRunner will not be running.
RoslynAnalysisRunner has terminated.
Mono: successfully reloaded assembly
- Completed reload, in  1.545 seconds
Platform modules already initialized, skipping
Refreshing native plugins compatible for Editor in 0.71 ms, found 3 plugins.
Preloading 0 native plugins for Editor in 0.00 ms.
Unloading 2081 Unused Serialized files (Serialized files now loaded: 0)
System memory in use before: 92.8 MB.
System memory in use after: 92.9 MB.

Unloading 16 unused Assets to reduce memory usage. Loaded Objects now: 2585.
Total: 2.951000 ms (FindLiveObjects: 0.297200 ms CreateObjectMapping: 0.078900 ms MarkObjects: 2.541800 ms  DeleteObjects: 0.030800 ms)

========================================================================
Received Prepare
Registering precompiled user dll's ...
Registered in 0.005728 seconds.
Begin MonoManager ReloadAssembly
Native extension for WindowsStandalone target not found
Refreshing native plugins compatible for Editor in 0.74 ms, found 3 plugins.
Preloading 0 native plugins for Editor in 0.00 ms.
Invoked RoslynAnalysisRunner static constructor.
RoslynAnalysisRunner will not be running.
RoslynAnalysisRunner has terminated.
Mono: successfully reloaded assembly
- Completed reload, in  1.514 seconds
Platform modules already initialized, skipping
Refreshing native plugins compatible for Editor in 0.69 ms, found 3 plugins.
Preloading 0 native plugins for Editor in 0.00 ms.
Unloading 2081 Unused Serialized files (Serialized files now loaded: 0)
System memory in use before: 92.8 MB.
System memory in use after: 92.9 MB.

Unloading 16 unused Assets to reduce memory usage. Loaded Objects now: 2589.
Total: 2.907300 ms (FindLiveObjects: 0.386100 ms CreateObjectMapping: 0.092100 ms MarkObjects: 2.397900 ms  DeleteObjects: 0.029100 ms)

========================================================================
Received Prepare
Registering precompiled user dll's ...
Registered in 0.007831 seconds.
Begin MonoManager ReloadAssembly
Native extension for WindowsStandalone target not found
Refreshing native plugins compatible for Editor in 0.67 ms, found 3 plugins.
Preloading 0 native plugins for Editor in 0.00 ms.
Invoked RoslynAnalysisRunner static constructor.
RoslynAnalysisRunner will not be running.
RoslynAnalysisRunner has terminated.
Mono: successfully reloaded assembly
- Completed reload, in  1.450 seconds
Platform modules already initialized, skipping
Refreshing native plugins compatible for Editor in 0.70 ms, found 3 plugins.
Preloading 0 native plugins for Editor in 0.00 ms.
Unloading 2081 Unused Serialized files (Serialized files now loaded: 0)
System memory in use before: 92.8 MB.
System memory in use after: 93.0 MB.

Unloading 16 unused Assets to reduce memory usage. Loaded Objects now: 2593.
Total: 2.703100 ms (FindLiveObjects: 0.220100 ms CreateObjectMapping: 0.080700 ms MarkObjects: 2.373800 ms  DeleteObjects: 0.026400 ms)

========================================================================
Received Prepare
Registering precompiled user dll's ...
Registered in 0.007131 seconds.
Begin MonoManager ReloadAssembly
Native extension for WindowsStandalone target not found
Refreshing native plugins compatible for Editor in 0.67 ms, found 3 plugins.
Preloading 0 native plugins for Editor in 0.00 ms.
Invoked RoslynAnalysisRunner static constructor.
RoslynAnalysisRunner will not be running.
RoslynAnalysisRunner has terminated.
Mono: successfully reloaded assembly
- Completed reload, in  1.593 seconds
Platform modules already initialized, skipping
Refreshing native plugins compatible for Editor in 0.67 ms, found 3 plugins.
Preloading 0 native plugins for Editor in 0.00 ms.
Unloading 2081 Unused Serialized files (Serialized files now loaded: 0)
System memory in use before: 92.8 MB.
System memory in use after: 93.0 MB.

Unloading 16 unused Assets to reduce memory usage. Loaded Objects now: 2597.
Total: 2.975800 ms (FindLiveObjects: 0.226200 ms CreateObjectMapping: 0.082300 ms MarkObjects: 2.629300 ms  DeleteObjects: 0.036000 ms)

========================================================================
Received Prepare
Registering precompiled user dll's ...
Registered in 0.005837 seconds.
Begin MonoManager ReloadAssembly
Native extension for WindowsStandalone target not found
Refreshing native plugins compatible for Editor in 0.91 ms, found 3 plugins.
Preloading 0 native plugins for Editor in 0.00 ms.
Invoked RoslynAnalysisRunner static constructor.
RoslynAnalysisRunner will not be running.
RoslynAnalysisRunner has terminated.
Mono: successfully reloaded assembly
- Completed reload, in  1.947 seconds
Platform modules already initialized, skipping
Refreshing native plugins compatible for Editor in 0.67 ms, found 3 plugins.
Preloading 0 native plugins for Editor in 0.00 ms.
Unloading 2081 Unused Serialized files (Serialized files now loaded: 0)
System memory in use before: 92.8 MB.
System memory in use after: 93.0 MB.

Unloading 16 unused Assets to reduce memory usage. Loaded Objects now: 2601.
Total: 2.834800 ms (FindLiveObjects: 0.227600 ms CreateObjectMapping: 0.083400 ms MarkObjects: 2.493700 ms  DeleteObjects: 0.028100 ms)

========================================================================
Received Prepare
Registering precompiled user dll's ...
Registered in 0.005437 seconds.
Begin MonoManager ReloadAssembly
Native extension for WindowsStandalone target not found
Refreshing native plugins compatible for Editor in 0.79 ms, found 3 plugins.
Preloading 0 native plugins for Editor in 0.00 ms.
Invoked RoslynAnalysisRunner static constructor.
RoslynAnalysisRunner will not be running.
RoslynAnalysisRunner has terminated.
Mono: successfully reloaded assembly
- Completed reload, in  1.431 seconds
Platform modules already initialized, skipping
Refreshing native plugins compatible for Editor in 0.68 ms, found 3 plugins.
Preloading 0 native plugins for Editor in 0.00 ms.
Unloading 2081 Unused Serialized files (Serialized files now loaded: 0)
System memory in use before: 92.9 MB.
System memory in use after: 93.0 MB.

Unloading 16 unused Assets to reduce memory usage. Loaded Objects now: 2605.
Total: 2.789100 ms (FindLiveObjects: 0.286800 ms CreateObjectMapping: 0.081500 ms MarkObjects: 2.391700 ms  DeleteObjects: 0.026900 ms)

========================================================================
Received Prepare
Registering precompiled user dll's ...
Registered in 0.006071 seconds.
Begin MonoManager ReloadAssembly
Native extension for WindowsStandalone target not found
Refreshing native plugins compatible for Editor in 0.68 ms, found 3 plugins.
Preloading 0 native plugins for Editor in 0.00 ms.
Invoked RoslynAnalysisRunner static constructor.
RoslynAnalysisRunner will not be running.
RoslynAnalysisRunner has terminated.
Mono: successfully reloaded assembly
- Completed reload, in  1.443 seconds
Platform modules already initialized, skipping
Refreshing native plugins compatible for Editor in 0.67 ms, found 3 plugins.
Preloading 0 native plugins for Editor in 0.00 ms.
Unloading 2081 Unused Serialized files (Serialized files now loaded: 0)
System memory in use before: 92.9 MB.
System memory in use after: 93.0 MB.

Unloading 16 unused Assets to reduce memory usage. Loaded Objects now: 2609.
Total: 2.988500 ms (FindLiveObjects: 0.431300 ms CreateObjectMapping: 0.086400 ms MarkObjects: 2.439700 ms  DeleteObjects: 0.029100 ms)

========================================================================
Received Prepare
Registering precompiled user dll's ...
Registered in 0.005711 seconds.
Begin MonoManager ReloadAssembly
Native extension for WindowsStandalone target not found
Refreshing native plugins compatible for Editor in 0.68 ms, found 3 plugins.
Preloading 0 native plugins for Editor in 0.00 ms.
Invoked RoslynAnalysisRunner static constructor.
RoslynAnalysisRunner will not be running.
RoslynAnalysisRunner has terminated.
Mono: successfully reloaded assembly
- Completed reload, in  1.513 seconds
Platform modules already initialized, skipping
Refreshing native plugins compatible for Editor in 0.67 ms, found 3 plugins.
Preloading 0 native plugins for Editor in 0.00 ms.
Unloading 2081 Unused Serialized files (Serialized files now loaded: 0)
System memory in use before: 92.9 MB.
System memory in use after: 93.0 MB.

Unloading 16 unused Assets to reduce memory usage. Loaded Objects now: 2613.
Total: 2.755700 ms (FindLiveObjects: 0.246000 ms CreateObjectMapping: 0.085000 ms MarkObjects: 2.394800 ms  DeleteObjects: 0.027900 ms)

========================================================================
Received Prepare
Registering precompiled user dll's ...
Registered in 0.007168 seconds.
Begin MonoManager ReloadAssembly
Native extension for WindowsStandalone target not found
Refreshing native plugins compatible for Editor in 0.67 ms, found 3 plugins.
Preloading 0 native plugins for Editor in 0.00 ms.
Invoked RoslynAnalysisRunner static constructor.
RoslynAnalysisRunner will not be running.
RoslynAnalysisRunner has terminated.
Mono: successfully reloaded assembly
- Completed reload, in  1.417 seconds
Platform modules already initialized, skipping
Refreshing native plugins compatible for Editor in 0.69 ms, found 3 plugins.
Preloading 0 native plugins for Editor in 0.00 ms.
Unloading 2081 Unused Serialized files (Serialized files now loaded: 0)
System memory in use before: 92.9 MB.
System memory in use after: 93.0 MB.

Unloading 16 unused Assets to reduce memory usage. Loaded Objects now: 2617.
Total: 2.949400 ms (FindLiveObjects: 0.255500 ms CreateObjectMapping: 0.081600 ms MarkObjects: 2.583100 ms  DeleteObjects: 0.027300 ms)

========================================================================
Received Prepare
Registering precompiled user dll's ...
Registered in 0.005835 seconds.
Begin MonoManager ReloadAssembly
Native extension for WindowsStandalone target not found
Refreshing native plugins compatible for Editor in 0.69 ms, found 3 plugins.
Preloading 0 native plugins for Editor in 0.00 ms.
Invoked RoslynAnalysisRunner static constructor.
RoslynAnalysisRunner will not be running.
RoslynAnalysisRunner has terminated.
Mono: successfully reloaded assembly
- Completed reload, in  1.427 seconds
Platform modules already initialized, skipping
Refreshing native plugins compatible for Editor in 0.68 ms, found 3 plugins.
Preloading 0 native plugins for Editor in 0.00 ms.
Unloading 2081 Unused Serialized files (Serialized files now loaded: 0)
System memory in use before: 92.9 MB.
System memory in use after: 93.0 MB.

Unloading 16 unused Assets to reduce memory usage. Loaded Objects now: 2621.
Total: 3.154700 ms (FindLiveObjects: 0.440300 ms CreateObjectMapping: 0.089900 ms MarkObjects: 2.595800 ms  DeleteObjects: 0.026700 ms)

========================================================================
Received Prepare
Registering precompiled user dll's ...
Registered in 0.005606 seconds.
Begin MonoManager ReloadAssembly
Native extension for WindowsStandalone target not found
Refreshing native plugins compatible for Editor in 0.84 ms, found 3 plugins.
Preloading 0 native plugins for Editor in 0.00 ms.
Invoked RoslynAnalysisRunner static constructor.
RoslynAnalysisRunner will not be running.
RoslynAnalysisRunner has terminated.
Mono: successfully reloaded assembly
- Completed reload, in  1.411 seconds
Platform modules already initialized, skipping
Refreshing native plugins compatible for Editor in 0.68 ms, found 3 plugins.
Preloading 0 native plugins for Editor in 0.00 ms.
Unloading 2081 Unused Serialized files (Serialized files now loaded: 0)
System memory in use before: 92.9 MB.
System memory in use after: 93.0 MB.

Unloading 16 unused Assets to reduce memory usage. Loaded Objects now: 2625.
Total: 2.953200 ms (FindLiveObjects: 0.222600 ms CreateObjectMapping: 0.082700 ms MarkObjects: 2.614300 ms  DeleteObjects: 0.031600 ms)

========================================================================
Received Prepare
Registering precompiled user dll's ...
Registered in 0.005865 seconds.
Begin MonoManager ReloadAssembly
Native extension for WindowsStandalone target not found
Refreshing native plugins compatible for Editor in 0.77 ms, found 3 plugins.
Preloading 0 native plugins for Editor in 0.00 ms.
Invoked RoslynAnalysisRunner static constructor.
RoslynAnalysisRunner will not be running.
RoslynAnalysisRunner has terminated.
Mono: successfully reloaded assembly
- Completed reload, in  1.825 seconds
Platform modules already initialized, skipping
Refreshing native plugins compatible for Editor in 0.67 ms, found 3 plugins.
Preloading 0 native plugins for Editor in 0.00 ms.
Unloading 2081 Unused Serialized files (Serialized files now loaded: 0)
System memory in use before: 92.9 MB.
System memory in use after: 93.0 MB.

Unloading 16 unused Assets to reduce memory usage. Loaded Objects now: 2629.
Total: 3.522500 ms (FindLiveObjects: 0.231200 ms CreateObjectMapping: 0.080200 ms MarkObjects: 3.180900 ms  DeleteObjects: 0.028200 ms)

========================================================================
Received Import Request.
  Time since last request: 2571.082119 seconds.
  path: Assets/Scripts/NewBehaviourScript.cs
  artifactKey: Guid(b928d84a30991c242963b3b2fd1497b1) Importer(815301076,1909f56bfc062723c751e8b465ee728b)
Start importing Assets/Scripts/NewBehaviourScript.cs using Guid(b928d84a30991c242963b3b2fd1497b1) Importer(815301076,1909f56bfc062723c751e8b465ee728b)  -> (artifact id: '1d93d9396906096386074c64bd90fccb') in 0.028189 seconds
  Import took 0.035770 seconds .

========================================================================
Received Import Request.
  Time since last request: 21.503892 seconds.
  path: Assets/Scripts/ExplodeableProjectile.cs
  artifactKey: Guid(77d9b02d00ffcf24281e6df04c8eabde) Importer(815301076,1909f56bfc062723c751e8b465ee728b)
Start importing Assets/Scripts/ExplodeableProjectile.cs using Guid(77d9b02d00ffcf24281e6df04c8eabde) Importer(815301076,1909f56bfc062723c751e8b465ee728b)  -> (artifact id: '419704546e2ccfb2cda1f41d246ffec5') in 0.019513 seconds
  Import took 0.027126 seconds .

========================================================================
Received Prepare
Registering precompiled user dll's ...
Registered in 0.007411 seconds.
Begin MonoManager ReloadAssembly
Native extension for WindowsStandalone target not found
Refreshing native plugins compatible for Editor in 0.71 ms, found 3 plugins.
Preloading 0 native plugins for Editor in 0.00 ms.
Invoked RoslynAnalysisRunner static constructor.
RoslynAnalysisRunner will not be running.
RoslynAnalysisRunner has terminated.
Mono: successfully reloaded assembly
- Completed reload, in  1.472 seconds
Platform modules already initialized, skipping
Refreshing native plugins compatible for Editor in 0.67 ms, found 3 plugins.
Preloading 0 native plugins for Editor in 0.00 ms.
Unloading 2082 Unused Serialized files (Serialized files now loaded: 0)
System memory in use before: 92.9 MB.
System memory in use after: 93.1 MB.

Unloading 16 unused Assets to reduce memory usage. Loaded Objects now: 2634.
Total: 2.911400 ms (FindLiveObjects: 0.285500 ms CreateObjectMapping: 0.091200 ms MarkObjects: 2.504800 ms  DeleteObjects: 0.027600 ms)

========================================================================
Received Import Request.
  Time since last request: 290.551078 seconds.
  path: Assets/Scripts/ExplodeableProjectile.cs
  artifactKey: Guid(77d9b02d00ffcf24281e6df04c8eabde) Importer(815301076,1909f56bfc062723c751e8b465ee728b)
Start importing Assets/Scripts/ExplodeableProjectile.cs using Guid(77d9b02d00ffcf24281e6df04c8eabde) Importer(815301076,1909f56bfc062723c751e8b465ee728b)  -> (artifact id: '34d153a24f7ae84680b68dd27e2b1bb0') in 0.006403 seconds
  Import took 0.010958 seconds .

========================================================================
Received Import Request.
  Time since last request: 7.354762 seconds.
  path: Assets/Scripts/DefaultProjectile.cs
  artifactKey: Guid(7d0e1c9972a43574183befd295e75591) Importer(815301076,1909f56bfc062723c751e8b465ee728b)
Start importing Assets/Scripts/DefaultProjectile.cs using Guid(7d0e1c9972a43574183befd295e75591) Importer(815301076,1909f56bfc062723c751e8b465ee728b)  -> (artifact id: '2cc5b8a7dffd73736391a1732c3d2830') in 0.017801 seconds
  Import took 0.029654 seconds .

========================================================================
Received Prepare
Registering precompiled user dll's ...
Registered in 0.009316 seconds.
Begin MonoManager ReloadAssembly
Native extension for WindowsStandalone target not found
Refreshing native plugins compatible for Editor in 0.68 ms, found 3 plugins.
Preloading 0 native plugins for Editor in 0.00 ms.
Invoked RoslynAnalysisRunner static constructor.
RoslynAnalysisRunner will not be running.
RoslynAnalysisRunner has terminated.
Mono: successfully reloaded assembly
- Completed reload, in  1.681 seconds
Platform modules already initialized, skipping
Refreshing native plugins compatible for Editor in 0.67 ms, found 3 plugins.
Preloading 0 native plugins for Editor in 0.00 ms.
Unloading 2083 Unused Serialized files (Serialized files now loaded: 0)
System memory in use before: 93.0 MB.
System memory in use after: 93.1 MB.

Unloading 16 unused Assets to reduce memory usage. Loaded Objects now: 2639.
Total: 3.223900 ms (FindLiveObjects: 0.281400 ms CreateObjectMapping: 0.180200 ms MarkObjects: 2.732200 ms  DeleteObjects: 0.028300 ms)

========================================================================
Received Prepare
Registering precompiled user dll's ...
Registered in 0.006511 seconds.
Begin MonoManager ReloadAssembly
Native extension for WindowsStandalone target not found
Refreshing native plugins compatible for Editor in 0.67 ms, found 3 plugins.
Preloading 0 native plugins for Editor in 0.00 ms.
Invoked RoslynAnalysisRunner static constructor.
RoslynAnalysisRunner will not be running.
RoslynAnalysisRunner has terminated.
Mono: successfully reloaded assembly
- Completed reload, in  1.415 seconds
Platform modules already initialized, skipping
Refreshing native plugins compatible for Editor in 0.69 ms, found 3 plugins.
Preloading 0 native plugins for Editor in 0.00 ms.
Unloading 2083 Unused Serialized files (Serialized files now loaded: 0)
System memory in use before: 93.0 MB.
System memory in use after: 93.1 MB.

Unloading 16 unused Assets to reduce memory usage. Loaded Objects now: 2643.
Total: 3.121900 ms (FindLiveObjects: 0.439200 ms CreateObjectMapping: 0.121300 ms MarkObjects: 2.531200 ms  DeleteObjects: 0.028300 ms)

========================================================================
Received Import Request.
  Time since last request: 183.945343 seconds.
  path: Assets/Scripts/DefaultProjectile.cs
  artifactKey: Guid(7d0e1c9972a43574183befd295e75591) Importer(815301076,1909f56bfc062723c751e8b465ee728b)
Start importing Assets/Scripts/DefaultProjectile.cs using Guid(7d0e1c9972a43574183befd295e75591) Importer(815301076,1909f56bfc062723c751e8b465ee728b)  -> (artifact id: '38ce81911d0dc21c0489895efd561ef1') in 0.006524 seconds
  Import took 0.010719 seconds .

========================================================================
Received Import Request.
  Time since last request: 49.138057 seconds.
  path: Assets/Prefabs/Projectiles/fireball.prefab
  artifactKey: Guid(56c9940f75b6c204ab162f0e7312db8c) Importer(815301076,1909f56bfc062723c751e8b465ee728b)
Start importing Assets/Prefabs/Projectiles/fireball.prefab using Guid(56c9940f75b6c204ab162f0e7312db8c) Importer(815301076,1909f56bfc062723c751e8b465ee728b)  -> (artifact id: '088e1c31c51511ac752124292114a462') in 0.163293 seconds
  Import took 0.170130 seconds .

========================================================================
Received Import Request.
  Time since last request: 2.695631 seconds.
  path: Assets/Prefabs/Projectiles/fireball.prefab
  artifactKey: Guid(56c9940f75b6c204ab162f0e7312db8c) Importer(815301076,1909f56bfc062723c751e8b465ee728b)
Start importing Assets/Prefabs/Projectiles/fireball.prefab using Guid(56c9940f75b6c204ab162f0e7312db8c) Importer(815301076,1909f56bfc062723c751e8b465ee728b)  -> (artifact id: '4b9e199aa9f65b174db142d88af72434') in 0.022795 seconds
  Import took 0.030303 seconds .

========================================================================
Received Import Request.
  Time since last request: 2.599655 seconds.
  path: Assets/Prefabs/Projectiles/fireball.prefab
  artifactKey: Guid(56c9940f75b6c204ab162f0e7312db8c) Importer(815301076,1909f56bfc062723c751e8b465ee728b)
Start importing Assets/Prefabs/Projectiles/fireball.prefab using Guid(56c9940f75b6c204ab162f0e7312db8c) Importer(815301076,1909f56bfc062723c751e8b465ee728b)  -> (artifact id: '2d930f40ff74aa62fef82cefea8e032b') in 0.018073 seconds
  Import took 0.023786 seconds .

========================================================================
Received Import Request.
  Time since last request: 3.009674 seconds.
  path: Assets/Prefabs/Projectiles/fireball.prefab
  artifactKey: Guid(56c9940f75b6c204ab162f0e7312db8c) Importer(815301076,1909f56bfc062723c751e8b465ee728b)
Start importing Assets/Prefabs/Projectiles/fireball.prefab using Guid(56c9940f75b6c204ab162f0e7312db8c) Importer(815301076,1909f56bfc062723c751e8b465ee728b)  -> (artifact id: '25d91a3b93afc215d0d5c2428cad851f') in 0.015581 seconds
  Import took 0.021631 seconds .

========================================================================
Received Import Request.
  Time since last request: 0.652961 seconds.
  path: Assets/Prefabs/Projectiles/fireball.prefab
  artifactKey: Guid(56c9940f75b6c204ab162f0e7312db8c) Importer(815301076,1909f56bfc062723c751e8b465ee728b)
Start importing Assets/Prefabs/Projectiles/fireball.prefab using Guid(56c9940f75b6c204ab162f0e7312db8c) Importer(815301076,1909f56bfc062723c751e8b465ee728b)  -> (artifact id: '1b510251fd8deb8346f32fc07c0fdd4b') in 0.017073 seconds
  Import took 0.023182 seconds .

========================================================================
Received Import Request.
  Time since last request: 9.247841 seconds.
  path: Assets/Prefabs/Projectiles/ice_ball.prefab
  artifactKey: Guid(6e41a1fd172a8794fad4e293d69ebfe4) Importer(815301076,1909f56bfc062723c751e8b465ee728b)
Start importing Assets/Prefabs/Projectiles/ice_ball.prefab using Guid(6e41a1fd172a8794fad4e293d69ebfe4) Importer(815301076,1909f56bfc062723c751e8b465ee728b)  -> (artifact id: 'c3ac94ada63bf5cd91fef1bcd4762409') in 0.022616 seconds
  Import took 0.029767 seconds .

========================================================================
Received Import Request.
  Time since last request: 280.106169 seconds.
  path: Assets/Scripts/ExplodeableProjectile.cs
  artifactKey: Guid(77d9b02d00ffcf24281e6df04c8eabde) Importer(815301076,1909f56bfc062723c751e8b465ee728b)
Start importing Assets/Scripts/ExplodeableProjectile.cs using Guid(77d9b02d00ffcf24281e6df04c8eabde) Importer(815301076,1909f56bfc062723c751e8b465ee728b)  -> (artifact id: 'd6607c0cffc55724bc093c0de86faa23') in 0.003510 seconds
  Import took 0.009423 seconds .

========================================================================
Received Prepare
Registering precompiled user dll's ...
Registered in 0.007203 seconds.
Begin MonoManager ReloadAssembly
Native extension for WindowsStandalone target not found
Refreshing native plugins compatible for Editor in 0.67 ms, found 3 plugins.
Preloading 0 native plugins for Editor in 0.00 ms.
Invoked RoslynAnalysisRunner static constructor.
RoslynAnalysisRunner will not be running.
RoslynAnalysisRunner has terminated.
Mono: successfully reloaded assembly
- Completed reload, in  1.456 seconds
Platform modules already initialized, skipping
Refreshing native plugins compatible for Editor in 0.67 ms, found 3 plugins.
Preloading 0 native plugins for Editor in 0.00 ms.
Unloading 2081 Unused Serialized files (Serialized files now loaded: 0)
System memory in use before: 95.9 MB.
System memory in use after: 96.1 MB.

Unloading 18 unused Assets to reduce memory usage. Loaded Objects now: 2652.
Total: 3.048200 ms (FindLiveObjects: 0.278500 ms CreateObjectMapping: 0.083300 ms MarkObjects: 2.654800 ms  DeleteObjects: 0.029300 ms)

========================================================================
Received Import Request.
  Time since last request: 9.752882 seconds.
  path: Assets/Prefabs/Projectiles/fireball.prefab
  artifactKey: Guid(56c9940f75b6c204ab162f0e7312db8c) Importer(815301076,1909f56bfc062723c751e8b465ee728b)
Start importing Assets/Prefabs/Projectiles/fireball.prefab using Guid(56c9940f75b6c204ab162f0e7312db8c) Importer(815301076,1909f56bfc062723c751e8b465ee728b)  -> (artifact id: '92fc1563cf930f9c334b352f850c579e') in 0.094467 seconds
  Import took 0.099624 seconds .

========================================================================
Received Import Request.
  Time since last request: 0.000287 seconds.
  path: Assets/Prefabs/Projectiles/rocket_projectile.prefab
  artifactKey: Guid(d47d1e4217870744995c946a54f2f6d4) Importer(815301076,1909f56bfc062723c751e8b465ee728b)
Start importing Assets/Prefabs/Projectiles/rocket_projectile.prefab using Guid(d47d1e4217870744995c946a54f2f6d4) Importer(815301076,1909f56bfc062723c751e8b465ee728b)  -> (artifact id: '64179cd4d7505207cd88b1601e628c76') in 0.023436 seconds
  Import took 0.030545 seconds .

========================================================================
Received Import Request.
  Time since last request: 0.000315 seconds.
  path: Assets/Prefabs/Projectiles/lazer.prefab
  artifactKey: Guid(460b18dcb3a27da4da192f2620b886b9) Importer(815301076,1909f56bfc062723c751e8b465ee728b)
Start importing Assets/Prefabs/Projectiles/lazer.prefab using Guid(460b18dcb3a27da4da192f2620b886b9) Importer(815301076,1909f56bfc062723c751e8b465ee728b)  -> (artifact id: '54dfe666fe84e76460aad22c93bba29e') in 0.029500 seconds
  Import took 0.034638 seconds .

========================================================================
Received Import Request.
  Time since last request: 0.000269 seconds.
  path: Assets/Prefabs/Projectiles/ice_ball.prefab
  artifactKey: Guid(6e41a1fd172a8794fad4e293d69ebfe4) Importer(815301076,1909f56bfc062723c751e8b465ee728b)
Start importing Assets/Prefabs/Projectiles/ice_ball.prefab using Guid(6e41a1fd172a8794fad4e293d69ebfe4) Importer(815301076,1909f56bfc062723c751e8b465ee728b)  -> (artifact id: '6678c3fea9c28a0cb7661ee6482c2149') in 0.014623 seconds
  Import took 0.021085 seconds .

========================================================================
Received Import Request.
  Time since last request: 4.712484 seconds.
  path: Assets/Prefabs/Projectiles/fireball.prefab
  artifactKey: Guid(56c9940f75b6c204ab162f0e7312db8c) Importer(815301076,1909f56bfc062723c751e8b465ee728b)
Start importing Assets/Prefabs/Projectiles/fireball.prefab using Guid(56c9940f75b6c204ab162f0e7312db8c) Importer(815301076,1909f56bfc062723c751e8b465ee728b)  -> (artifact id: 'ff194f9164e1adc0780314ea33e4c267') in 0.016487 seconds
  Import took 0.022753 seconds .

========================================================================
Received Import Request.
  Time since last request: 4.180179 seconds.
  path: Assets/Prefabs/Projectiles/fireball.prefab
  artifactKey: Guid(56c9940f75b6c204ab162f0e7312db8c) Importer(815301076,1909f56bfc062723c751e8b465ee728b)
Start importing Assets/Prefabs/Projectiles/fireball.prefab using Guid(56c9940f75b6c204ab162f0e7312db8c) Importer(815301076,1909f56bfc062723c751e8b465ee728b)  -> (artifact id: '6f3f25bd4aaf4eee83680bc74931eaa5') in 0.017757 seconds
  Import took 0.023416 seconds .

========================================================================
Received Import Request.
  Time since last request: 0.874352 seconds.
  path: Assets/Prefabs/Projectiles/fireball.prefab
  artifactKey: Guid(56c9940f75b6c204ab162f0e7312db8c) Importer(815301076,1909f56bfc062723c751e8b465ee728b)
Start importing Assets/Prefabs/Projectiles/fireball.prefab using Guid(56c9940f75b6c204ab162f0e7312db8c) Importer(815301076,1909f56bfc062723c751e8b465ee728b)  -> (artifact id: 'cea1c5c7e855729e1e0865c1bcd03014') in 0.017504 seconds
  Import took 0.022558 seconds .

========================================================================
Received Import Request.
  Time since last request: 4.583889 seconds.
  path: Assets/Prefabs/Projectiles/fireball.prefab
  artifactKey: Guid(56c9940f75b6c204ab162f0e7312db8c) Importer(815301076,1909f56bfc062723c751e8b465ee728b)
Start importing Assets/Prefabs/Projectiles/fireball.prefab using Guid(56c9940f75b6c204ab162f0e7312db8c) Importer(815301076,1909f56bfc062723c751e8b465ee728b)  -> (artifact id: 'baba365b3ae4e7aaa7c5a96a8f2591bc') in 0.017102 seconds
  Import took 0.023562 seconds .

========================================================================
Received Import Request.
  Time since last request: 3.695004 seconds.
  path: Assets/Prefabs/Projectiles/ice_ball.prefab
  artifactKey: Guid(6e41a1fd172a8794fad4e293d69ebfe4) Importer(815301076,1909f56bfc062723c751e8b465ee728b)
Start importing Assets/Prefabs/Projectiles/ice_ball.prefab using Guid(6e41a1fd172a8794fad4e293d69ebfe4) Importer(815301076,1909f56bfc062723c751e8b465ee728b)  -> (artifact id: '2b8e2215ef49f910ade59c383016bf6f') in 0.016225 seconds
  Import took 0.021787 seconds .

========================================================================
Received Import Request.
  Time since last request: 6.384818 seconds.
  path: Assets/Prefabs/Projectiles/ice_ball.prefab
  artifactKey: Guid(6e41a1fd172a8794fad4e293d69ebfe4) Importer(815301076,1909f56bfc062723c751e8b465ee728b)
Start importing Assets/Prefabs/Projectiles/ice_ball.prefab using Guid(6e41a1fd172a8794fad4e293d69ebfe4) Importer(815301076,1909f56bfc062723c751e8b465ee728b)  -> (artifact id: '720cd5c991d0029c4aca56c4f57ff65c') in 0.016264 seconds
  Import took 0.021425 seconds .

========================================================================
Received Import Request.
  Time since last request: 3.468972 seconds.
  path: Assets/Prefabs/Projectiles/ice_ball.prefab
  artifactKey: Guid(6e41a1fd172a8794fad4e293d69ebfe4) Importer(815301076,1909f56bfc062723c751e8b465ee728b)
Start importing Assets/Prefabs/Projectiles/ice_ball.prefab using Guid(6e41a1fd172a8794fad4e293d69ebfe4) Importer(815301076,1909f56bfc062723c751e8b465ee728b)  -> (artifact id: 'aad5733a0d809d89d412887b6a9970ad') in 0.016243 seconds
  Import took 0.021465 seconds .

========================================================================
Received Import Request.
  Time since last request: 2.412625 seconds.
  path: Assets/Prefabs/Projectiles/ice_ball.prefab
  artifactKey: Guid(6e41a1fd172a8794fad4e293d69ebfe4) Importer(815301076,1909f56bfc062723c751e8b465ee728b)
Start importing Assets/Prefabs/Projectiles/ice_ball.prefab using Guid(6e41a1fd172a8794fad4e293d69ebfe4) Importer(815301076,1909f56bfc062723c751e8b465ee728b)  -> (artifact id: 'a3317757d8077dfe468ef786f2152739') in 0.018537 seconds
  Import took 0.023662 seconds .

========================================================================
Received Import Request.
  Time since last request: 1.610411 seconds.
  path: Assets/Prefabs/Projectiles/ice_ball.prefab
  artifactKey: Guid(6e41a1fd172a8794fad4e293d69ebfe4) Importer(815301076,1909f56bfc062723c751e8b465ee728b)
Start importing Assets/Prefabs/Projectiles/ice_ball.prefab using Guid(6e41a1fd172a8794fad4e293d69ebfe4) Importer(815301076,1909f56bfc062723c751e8b465ee728b)  -> (artifact id: '8d1e2543405953026e4bb2da7862da7f') in 0.024757 seconds
  Import took 0.030640 seconds .

========================================================================
Received Import Request.
  Time since last request: 7.803161 seconds.
  path: Assets/Prefabs/Projectiles/rocket_projectile.prefab
  artifactKey: Guid(d47d1e4217870744995c946a54f2f6d4) Importer(815301076,1909f56bfc062723c751e8b465ee728b)
Start importing Assets/Prefabs/Projectiles/rocket_projectile.prefab using Guid(d47d1e4217870744995c946a54f2f6d4) Importer(815301076,1909f56bfc062723c751e8b465ee728b)  -> (artifact id: '61eb8f6593ee377f00ae8158209a7b99') in 0.016664 seconds
  Import took 0.021778 seconds .

========================================================================
Received Prepare
Registering precompiled user dll's ...
Registered in 0.005386 seconds.
Begin MonoManager ReloadAssembly
Native extension for WindowsStandalone target not found
Refreshing native plugins compatible for Editor in 0.69 ms, found 3 plugins.
Preloading 0 native plugins for Editor in 0.00 ms.
Invoked RoslynAnalysisRunner static constructor.
RoslynAnalysisRunner will not be running.
RoslynAnalysisRunner has terminated.
Mono: successfully reloaded assembly
- Completed reload, in  1.571 seconds
Platform modules already initialized, skipping
Refreshing native plugins compatible for Editor in 0.67 ms, found 3 plugins.
Preloading 0 native plugins for Editor in 0.00 ms.
Unloading 2081 Unused Serialized files (Serialized files now loaded: 0)
System memory in use before: 95.9 MB.
System memory in use after: 96.1 MB.

Unloading 16 unused Assets to reduce memory usage. Loaded Objects now: 2657.
Total: 2.692600 ms (FindLiveObjects: 0.221300 ms CreateObjectMapping: 0.081200 ms MarkObjects: 2.363600 ms  DeleteObjects: 0.025100 ms)

========================================================================
Received Import Request.
  Time since last request: 88.751733 seconds.
  path: Assets/Prefabs/Weapons/nailgun.prefab
  artifactKey: Guid(aabde2ddd12525d4c8441fb1db332982) Importer(815301076,1909f56bfc062723c751e8b465ee728b)
Start importing Assets/Prefabs/Weapons/nailgun.prefab using Guid(aabde2ddd12525d4c8441fb1db332982) Importer(815301076,1909f56bfc062723c751e8b465ee728b)  -> (artifact id: '1e31ae71d8909e6c5af1655ebc52df47') in 0.103839 seconds
  Import took 0.110574 seconds .

========================================================================
Received Import Request.
  Time since last request: 8.678976 seconds.
  path: Assets/Prefabs/Weapons/nailgun.prefab
  artifactKey: Guid(aabde2ddd12525d4c8441fb1db332982) Importer(815301076,1909f56bfc062723c751e8b465ee728b)
Start importing Assets/Prefabs/Weapons/nailgun.prefab using Guid(aabde2ddd12525d4c8441fb1db332982) Importer(815301076,1909f56bfc062723c751e8b465ee728b)  -> (artifact id: '47ff49a76b18e751cd1afd79ce4aee3f') in 0.018997 seconds
  Import took 0.024363 seconds .

========================================================================
Received Import Request.
  Time since last request: 4.831920 seconds.
  path: Assets/Prefabs/Weapons/railgun.prefab
  artifactKey: Guid(f5d37936062fb1c4bb783709ce066fb4) Importer(815301076,1909f56bfc062723c751e8b465ee728b)
Start importing Assets/Prefabs/Weapons/railgun.prefab using Guid(f5d37936062fb1c4bb783709ce066fb4) Importer(815301076,1909f56bfc062723c751e8b465ee728b)  -> (artifact id: 'ed8aa356f3436f813b6840f89c38ddfd') in 0.023681 seconds
  Import took 0.030724 seconds .

========================================================================
Received Import Request.
  Time since last request: 5.192137 seconds.
  path: Assets/Prefabs/Weapons/rocket_launcher.prefab
  artifactKey: Guid(923c64496d3287e478c5520702ef4867) Importer(815301076,1909f56bfc062723c751e8b465ee728b)
Start importing Assets/Prefabs/Weapons/rocket_launcher.prefab using Guid(923c64496d3287e478c5520702ef4867) Importer(815301076,1909f56bfc062723c751e8b465ee728b)  -> (artifact id: 'f86e4c8cd74329b117f9fc4bbbb79ca2') in 0.028877 seconds
  Import took 0.036568 seconds .

========================================================================
Received Import Request.
  Time since last request: 8.844102 seconds.
  path: Assets/Prefabs/Weapons/shotgun.prefab
  artifactKey: Guid(bfb5c9a84f6a97b459af970cf359b9af) Importer(815301076,1909f56bfc062723c751e8b465ee728b)
Start importing Assets/Prefabs/Weapons/shotgun.prefab using Guid(bfb5c9a84f6a97b459af970cf359b9af) Importer(815301076,1909f56bfc062723c751e8b465ee728b)  -> (artifact id: 'b3c70086c8dc61672fc18104c03b8d44') in 0.027988 seconds
  Import took 0.034439 seconds .

========================================================================
Received Prepare
Registering precompiled user dll's ...
Registered in 0.006550 seconds.
Begin MonoManager ReloadAssembly
Native extension for WindowsStandalone target not found
Refreshing native plugins compatible for Editor in 0.99 ms, found 3 plugins.
Preloading 0 native plugins for Editor in 0.00 ms.
Invoked RoslynAnalysisRunner static constructor.
RoslynAnalysisRunner will not be running.
RoslynAnalysisRunner has terminated.
Mono: successfully reloaded assembly
- Completed reload, in  1.792 seconds
Platform modules already initialized, skipping
Refreshing native plugins compatible for Editor in 0.69 ms, found 3 plugins.
Preloading 0 native plugins for Editor in 0.00 ms.
Unloading 2081 Unused Serialized files (Serialized files now loaded: 0)
System memory in use before: 96.0 MB.
System memory in use after: 96.1 MB.

Unloading 16 unused Assets to reduce memory usage. Loaded Objects now: 2662.
Total: 3.046600 ms (FindLiveObjects: 0.234300 ms CreateObjectMapping: 0.082700 ms MarkObjects: 2.698200 ms  DeleteObjects: 0.029900 ms)

========================================================================
Received Prepare
Registering precompiled user dll's ...
Registered in 0.006539 seconds.
Begin MonoManager ReloadAssembly
Native extension for WindowsStandalone target not found
Refreshing native plugins compatible for Editor in 1.18 ms, found 3 plugins.
Preloading 0 native plugins for Editor in 0.00 ms.
Invoked RoslynAnalysisRunner static constructor.
RoslynAnalysisRunner will not be running.
RoslynAnalysisRunner has terminated.
Mono: successfully reloaded assembly
- Completed reload, in  1.701 seconds
Platform modules already initialized, skipping
Refreshing native plugins compatible for Editor in 0.93 ms, found 3 plugins.
Preloading 0 native plugins for Editor in 0.00 ms.
Unloading 2081 Unused Serialized files (Serialized files now loaded: 0)
System memory in use before: 96.0 MB.
System memory in use after: 96.1 MB.

Unloading 16 unused Assets to reduce memory usage. Loaded Objects now: 2666.
Total: 3.567700 ms (FindLiveObjects: 0.390400 ms CreateObjectMapping: 0.115500 ms MarkObjects: 3.023800 ms  DeleteObjects: 0.036000 ms)

========================================================================
Received Prepare
Registering precompiled user dll's ...
Registered in 0.041403 seconds.
Begin MonoManager ReloadAssembly
Native extension for WindowsStandalone target not found
Refreshing native plugins compatible for Editor in 0.69 ms, found 3 plugins.
Preloading 0 native plugins for Editor in 0.00 ms.
Invoked RoslynAnalysisRunner static constructor.
RoslynAnalysisRunner will not be running.
RoslynAnalysisRunner has terminated.
Mono: successfully reloaded assembly
- Completed reload, in  2.033 seconds
Platform modules already initialized, skipping
Refreshing native plugins compatible for Editor in 0.75 ms, found 3 plugins.
Preloading 0 native plugins for Editor in 0.00 ms.
Unloading 2081 Unused Serialized files (Serialized files now loaded: 0)
System memory in use before: 96.0 MB.
System memory in use after: 96.1 MB.

Unloading 16 unused Assets to reduce memory usage. Loaded Objects now: 2670.
Total: 4.258400 ms (FindLiveObjects: 0.519800 ms CreateObjectMapping: 0.150300 ms MarkObjects: 3.547200 ms  DeleteObjects: 0.037400 ms)

AssetImportWorkerClient::OnTransportError - code=2 error=End of file
